Using pre-set license
Built from '2022.2/staging' branch; Version is '2022.2.4f1 (8216e0211249) revision 8525536'; Using compiler version '192829333'; Build Type 'Release'
OS: 'Windows 11  (10.0.22621) 64bit CoreSingleLanguage' Language: 'en' Physical Memory: 7519 MB
BatchMode: 1, IsHumanControllingUs: 0, StartBugReporterOnCrash: 0, Is64bit: 1, IsPro: 1

COMMAND LINE ARGUMENTS:
C:\Program Files\Unity\Hub\Editor\2022.2.4f1-x86_64\Editor\Unity.exe
-adb2
-batchMode
-noUpm
-name
AssetImportWorker1
-projectPath
C:/Users/anant/OneDrive/Desktop/games/gamefile/exam1/exam
-logFile
Logs/AssetImportWorker1.log
-srvPort
50031
Successfully changed project path to: C:/Users/anant/OneDrive/Desktop/games/gamefile/exam1/exam
C:/Users/anant/OneDrive/Desktop/games/gamefile/exam1/exam
[UnityMemory] Configuration Parameters - Can be set up in boot.config
    "memorysetup-bucket-allocator-granularity=16"
    "memorysetup-bucket-allocator-bucket-count=8"
    "memorysetup-bucket-allocator-block-size=33554432"
    "memorysetup-bucket-allocator-block-count=8"
    "memorysetup-main-allocator-block-size=16777216"
    "memorysetup-thread-allocator-block-size=16777216"
    "memorysetup-gfx-main-allocator-block-size=16777216"
    "memorysetup-gfx-thread-allocator-block-size=16777216"
    "memorysetup-cache-allocator-block-size=4194304"
    "memorysetup-typetree-allocator-block-size=2097152"
    "memorysetup-profiler-bucket-allocator-granularity=16"
    "memorysetup-profiler-bucket-allocator-bucket-count=8"
    "memorysetup-profiler-bucket-allocator-block-size=33554432"
    "memorysetup-profiler-bucket-allocator-block-count=8"
    "memorysetup-profiler-allocator-block-size=16777216"
    "memorysetup-profiler-editor-allocator-block-size=1048576"
    "memorysetup-temp-allocator-size-main=16777216"
    "memorysetup-job-temp-allocator-block-size=2097152"
    "memorysetup-job-temp-allocator-block-size-background=1048576"
    "memorysetup-job-temp-allocator-reduction-small-platforms=262144"
    "memorysetup-temp-allocator-size-background-worker=32768"
    "memorysetup-temp-allocator-size-job-worker=262144"
    "memorysetup-temp-allocator-size-preload-manager=33554432"
    "memorysetup-temp-allocator-size-nav-mesh-worker=65536"
    "memorysetup-temp-allocator-size-audio-worker=65536"
    "memorysetup-temp-allocator-size-cloud-worker=32768"
    "memorysetup-temp-allocator-size-gi-baking-worker=262144"
    "memorysetup-temp-allocator-size-gfx=262144"
Player connection [18648] Host "[IP] 192.168.2.106 [Port] 0 [Flags] 2 [Guid] 767484013 [EditorId] 767484013 [Version] 1048832 [Id] WindowsEditor(7,LAPTOP-A3K762K8) [Debug] 1 [PackageName] WindowsEditor [ProjectName] Editor" joined multi-casting on [225.0.0.222:54997]...

Player connection [18648] Host "[IP] 192.168.2.106 [Port] 0 [Flags] 2 [Guid] 767484013 [EditorId] 767484013 [Version] 1048832 [Id] WindowsEditor(7,LAPTOP-A3K762K8) [Debug] 1 [PackageName] WindowsEditor [ProjectName] Editor" joined alternative multi-casting on [225.0.0.222:34997]...

Refreshing native plugins compatible for Editor in 23.40 ms, found 3 plugins.
Preloading 0 native plugins for Editor in 0.00 ms.
Initialize engine version: 2022.2.4f1 (8216e0211249)
[Subsystems] Discovering subsystems at path C:/Program Files/Unity/Hub/Editor/2022.2.4f1-x86_64/Editor/Data/Resources/UnitySubsystems
[Subsystems] Discovering subsystems at path C:/Users/anant/OneDrive/Desktop/games/gamefile/exam1/exam/Assets
GfxDevice: creating device client; threaded=0; jobified=0
Direct3D:
    Version:  Direct3D 11.0 [level 11.1]
    Renderer: NVIDIA GeForce GTX 1650 (ID=0x1f9d)
    Vendor:   NVIDIA
    VRAM:     3950 MB
    Driver:   31.0.15.2656
Initialize mono
Mono path[0] = 'C:/Program Files/Unity/Hub/Editor/2022.2.4f1-x86_64/Editor/Data/Managed'
Mono path[1] = 'C:/Program Files/Unity/Hub/Editor/2022.2.4f1-x86_64/Editor/Data/MonoBleedingEdge/lib/mono/unityjit-win32'
Mono config path = 'C:/Program Files/Unity/Hub/Editor/2022.2.4f1-x86_64/Editor/Data/MonoBleedingEdge/etc'
Using monoOptions --debugger-agent=transport=dt_socket,embedding=1,server=y,suspend=n,address=127.0.0.1:56168
Begin MonoManager ReloadAssembly
Registering precompiled unity dll's ...
Register platform support module: C:/Program Files/Unity/Hub/Editor/2022.2.4f1-x86_64/Editor/Data/PlaybackEngines/WebGLSupport/UnityEditor.WebGL.Extensions.dll
Register platform support module: C:/Program Files/Unity/Hub/Editor/2022.2.4f1-x86_64/Editor/Data/PlaybackEngines/AndroidPlayer/UnityEditor.Android.Extensions.dll
Register platform support module: C:/Program Files/Unity/Hub/Editor/2022.2.4f1-x86_64/Editor/Data/PlaybackEngines/WindowsStandaloneSupport/UnityEditor.WindowsStandalone.Extensions.dll
Registered in 0.021817 seconds.
- Loaded All Assemblies, in  0.605 seconds
Native extension for WindowsStandalone target not found
Native extension for Android target not found
Android Extension - Scanning For ADB Devices 860 ms
Native extension for WebGL target not found
Mono: successfully reloaded assembly
- Finished resetting the current domain, in  1.309 seconds
Domain Reload Profiling:
	ReloadAssembly (365ms)
		BeginReloadAssembly (155ms)
			ExecutionOrderSort (0ms)
			DisableScriptedObjects (0ms)
			BackupInstance (0ms)
			ReleaseScriptingObjects (0ms)
			CreateAndSetChildDomain (1ms)
		LoadAllAssembliesAndSetupDomain (0ms)
			LoadAssemblies (150ms)
			RebuildTransferFunctionScriptingTraits (0ms)
			SetupTypeCache (204ms)
				TypeCache.Initialize (203ms)
					TypeCache.ScanAssembly (200ms)
				ResolveRequiredComponents (1ms)
		FinalizeReload (0ms)
			ReleaseScriptCaches (0ms)
			RebuildScriptCaches (0ms)
			SetupLoadedEditorAssemblies (1228ms)
				LogAssemblyErrors (0ms)
				InitializePlatformSupportModulesInManaged (990ms)
				SetLoadedEditorAssemblies (5ms)
				RefreshPlugins (0ms)
				BeforeProcessingInitializeOnLoad (2ms)
				ProcessInitializeOnLoadAttributes (161ms)
				ProcessInitializeOnLoadMethodAttributes (70ms)
				AfterProcessingInitializeOnLoad (0ms)
				EditorAssembliesLoaded (0ms)
			ExecutionOrderSort2 (0ms)
			AwakeInstancesAfterBackupRestoration (0ms)
========================================================================
Worker process is ready to serve import requests
Begin MonoManager ReloadAssembly
Symbol file LoadedFromMemory doesn't match image C:\Users\anant\OneDrive\Desktop\games\gamefile\exam1\exam\Library\PackageCache\com.unity.visualscripting@1.8.0\Editor\VisualScripting.Core\Dependencies\YamlDotNet\Unity.VisualScripting.YamlDotNet.dll
Symbol file LoadedFromMemory doesn't match image C:\Users\anant\OneDrive\Desktop\games\gamefile\exam1\exam\Library\PackageCache\com.unity.visualscripting@1.8.0\Editor\VisualScripting.Core\Dependencies\DotNetZip\Unity.VisualScripting.IonicZip.dll
- Loaded All Assemblies, in  1.608 seconds
Refreshing native plugins compatible for Editor in 8.50 ms, found 3 plugins.
Native extension for WindowsStandalone target not found
Native extension for Android target not found
Native extension for WebGL target not found
Mono: successfully reloaded assembly
- Finished resetting the current domain, in  0.786 seconds
Domain Reload Profiling:
	ReloadAssembly (371ms)
		BeginReloadAssembly (216ms)
			ExecutionOrderSort (0ms)
			DisableScriptedObjects (10ms)
			BackupInstance (0ms)
			ReleaseScriptingObjects (0ms)
			CreateAndSetChildDomain (43ms)
		LoadAllAssembliesAndSetupDomain (1225ms)
			LoadAssemblies (605ms)
			RebuildTransferFunctionScriptingTraits (0ms)
			SetupTypeCache (698ms)
				TypeCache.Initialize (440ms)
					TypeCache.ScanAssembly (434ms)
				ResolveRequiredComponents (6ms)
		FinalizeReload (0ms)
			ReleaseScriptCaches (0ms)
			RebuildScriptCaches (0ms)
			SetupLoadedEditorAssemblies (536ms)
				LogAssemblyErrors (0ms)
				InitializePlatformSupportModulesInManaged (31ms)
				SetLoadedEditorAssemblies (4ms)
				RefreshPlugins (0ms)
				BeforeProcessingInitializeOnLoad (94ms)
				ProcessInitializeOnLoadAttributes (362ms)
				ProcessInitializeOnLoadMethodAttributes (29ms)
				AfterProcessingInitializeOnLoad (16ms)
				EditorAssembliesLoaded (0ms)
			ExecutionOrderSort2 (0ms)
			AwakeInstancesAfterBackupRestoration (8ms)
Launched and connected shader compiler UnityShaderCompiler.exe after 0.07 seconds
Refreshing native plugins compatible for Editor in 9.42 ms, found 3 plugins.
Preloading 0 native plugins for Editor in 0.00 ms.
Unloading 3212 Unused Serialized files (Serialized files now loaded: 0)
Unloading 24 unused Assets / (236.0 KB). Loaded Objects now: 3693.
Memory consumption went from 508.0 MB to 507.8 MB.
Total: 4.479100 ms (FindLiveObjects: 0.381100 ms CreateObjectMapping: 0.242700 ms MarkObjects: 3.609300 ms  DeleteObjects: 0.243700 ms)

AssetImportParameters requested are different than current active one (requested -> active):
  custom:container-demuxer-ogg: 62fdf1f143b41e24485cea50d1cbac27 -> 
  custom:video-decoder-ogg-theora: a1e56fd34408186e4bbccfd4996cb3dc -> 
  custom:framework-win-MediaFoundation: 216162199b28c13a410421893ffa2e32 -> 
  custom:container-demuxer-webm: 4f35f7cbe854078d1ac9338744f61a02 -> 
  custom:container-muxer-webm: aa71ff27fc2769a1b78a27578f13a17b -> 
  custom:video-decoder-webm-vp8: 9c59270c3fd7afecdb556c50c9e8de78 -> 
  custom:AudioImporter_EditorPlatform: d09bf68614088b80899f8185d706f6e7 -> 
  custom:video-encoder-webm-vp8: eb34c28f22e8b96e1ab97ce403110664 -> 
  custom:audio-decoder-ogg-vorbis: bf7c407c2cedff20999df2af8eb42d56 -> 
  custom:audio-encoder-webm-vorbis: bf7c407c2cedff20999df2af8eb42d56 -> 
========================================================================
Received Import Request.
  Time since last request: 891.367235 seconds.
  path: Assets/Mine/Models/Base/TurnL.fbx
  artifactKey: Guid(320a826fe9dea3745875c53e962eb757) Importer(815301076,1909f56bfc062723c751e8b465ee728b)
Number of updated assets reloaded before import = 0
Start importing Assets/Mine/Models/Base/TurnL.fbx using Guid(320a826fe9dea3745875c53e962eb757) Importer(815301076,1909f56bfc062723c751e8b465ee728b)  -> (artifact id: '8aa0c55bade59f31cb925db7f4798b1d') in 0.891436 seconds 
Number of asset objects unloaded after import = 12
========================================================================
Received Import Request.
  Time since last request: 2.658201 seconds.
  path: Assets/Mine/Models/Base/Turn3.fbx
  artifactKey: Guid(80e2efea9f64f1f4099db3ec0f853748) Importer(815301076,1909f56bfc062723c751e8b465ee728b)
Number of updated assets reloaded before import = 0
Start importing Assets/Mine/Models/Base/Turn3.fbx using Guid(80e2efea9f64f1f4099db3ec0f853748) Importer(815301076,1909f56bfc062723c751e8b465ee728b)  -> (artifact id: '6ad6be873a4b2e38d34b74632380d436') in 0.254344 seconds 
Number of asset objects unloaded after import = 12
========================================================================
Received Import Request.
  Time since last request: 0.443072 seconds.
  path: Assets/Mine/Models/Base/Tunnel1.fbx
  artifactKey: Guid(146158c62f2e4f04e80f7d21c00d4f45) Importer(815301076,1909f56bfc062723c751e8b465ee728b)
Number of updated assets reloaded before import = 0
Start importing Assets/Mine/Models/Base/Tunnel1.fbx using Guid(146158c62f2e4f04e80f7d21c00d4f45) Importer(815301076,1909f56bfc062723c751e8b465ee728b)  -> (artifact id: '66e45522d09998bec78a587bc9e5ff24') in 0.162512 seconds 
Number of asset objects unloaded after import = 12
========================================================================
Received Import Request.
  Time since last request: 0.000161 seconds.
  path: Assets/RCK 2.3/Models/Street/Street.FBX
  artifactKey: Guid(d40cda62855726d4e8af62df4770098a) Importer(815301076,1909f56bfc062723c751e8b465ee728b)
Number of updated assets reloaded before import = 0
Start importing Assets/RCK 2.3/Models/Street/Street.FBX using Guid(d40cda62855726d4e8af62df4770098a) Importer(815301076,1909f56bfc062723c751e8b465ee728b)  -> (artifact id: '35239302cb5fe1d02cd306ee2b7e7deb') in 0.067919 seconds 
Number of asset objects unloaded after import = 16
========================================================================
Received Import Request.
  Time since last request: 0.000052 seconds.
  path: Assets/3D Assets/SubmachineGuns/SubmachineGun3/submachine_gun_3.fbx
  artifactKey: Guid(47b8788e59a044e4997ac4e401e289f7) Importer(815301076,1909f56bfc062723c751e8b465ee728b)
Number of updated assets reloaded before import = 0
Start importing Assets/3D Assets/SubmachineGuns/SubmachineGun3/submachine_gun_3.fbx using Guid(47b8788e59a044e4997ac4e401e289f7) Importer(815301076,1909f56bfc062723c751e8b465ee728b)  -> (artifact id: 'fd2f4ad6bb0b6e1a325d44bdce1d0f87') in 0.023437 seconds 
Number of asset objects unloaded after import = 7
========================================================================
Received Import Request.
  Time since last request: 0.000032 seconds.
  path: Assets/3D Assets/SubmachineGuns/SubmachineGun4/submachine_gun_4.fbx
  artifactKey: Guid(00eb1b9d5e52bd3419686811bed1de6f) Importer(815301076,1909f56bfc062723c751e8b465ee728b)
Number of updated assets reloaded before import = 0
Start importing Assets/3D Assets/SubmachineGuns/SubmachineGun4/submachine_gun_4.fbx using Guid(00eb1b9d5e52bd3419686811bed1de6f) Importer(815301076,1909f56bfc062723c751e8b465ee728b)  -> (artifact id: '00b1751ef8584e2127704ab87e560ade') in 0.023699 seconds 
Number of asset objects unloaded after import = 7
========================================================================
Received Import Request.
  Time since last request: 0.000029 seconds.
  path: Assets/3D Assets/SubmachineGuns/SubmachineGun1/submachine_gun_1.fbx
  artifactKey: Guid(2411599282ee3f14d9ddfbb9eb71056e) Importer(815301076,1909f56bfc062723c751e8b465ee728b)
Number of updated assets reloaded before import = 0
Start importing Assets/3D Assets/SubmachineGuns/SubmachineGun1/submachine_gun_1.fbx using Guid(2411599282ee3f14d9ddfbb9eb71056e) Importer(815301076,1909f56bfc062723c751e8b465ee728b)  -> (artifact id: '125d7f7ca1ffff5920a5438e7aa58f99') in 0.025305 seconds 
Number of asset objects unloaded after import = 7
========================================================================
Received Import Request.
  Time since last request: 0.000044 seconds.
  path: Assets/3D Assets/SubmachineGuns/SubmachineGun2/submachine_gun_2.fbx
  artifactKey: Guid(af2a396b14f98364381795f6ed95b839) Importer(815301076,1909f56bfc062723c751e8b465ee728b)
Number of updated assets reloaded before import = 0
Start importing Assets/3D Assets/SubmachineGuns/SubmachineGun2/submachine_gun_2.fbx using Guid(af2a396b14f98364381795f6ed95b839) Importer(815301076,1909f56bfc062723c751e8b465ee728b)  -> (artifact id: 'cdfd9192970d80d4175784fc85f8824f') in 0.028774 seconds 
Number of asset objects unloaded after import = 7
========================================================================
Received Import Request.
  Time since last request: 0.000033 seconds.
  path: Assets/3D Assets/SubmachineGuns/SubmachineGun5/submachine_gun_5.fbx
  artifactKey: Guid(fa8e9785efedee544a0c3e82aa3c8fb0) Importer(815301076,1909f56bfc062723c751e8b465ee728b)
Number of updated assets reloaded before import = 0
Start importing Assets/3D Assets/SubmachineGuns/SubmachineGun5/submachine_gun_5.fbx using Guid(fa8e9785efedee544a0c3e82aa3c8fb0) Importer(815301076,1909f56bfc062723c751e8b465ee728b)  -> (artifact id: '8c954d15aed30a5633678fd44492b53f') in 0.020236 seconds 
Number of asset objects unloaded after import = 7
========================================================================
Received Import Request.
  Time since last request: 0.000033 seconds.
  path: Assets/RCK 2.3/Models/Vahicles/RallyCar/RallyCar.FBX
  artifactKey: Guid(52f8a9226e9a0fd459fbbf5d5106632f) Importer(815301076,1909f56bfc062723c751e8b465ee728b)
Number of updated assets reloaded before import = 0
Start importing Assets/RCK 2.3/Models/Vahicles/RallyCar/RallyCar.FBX using Guid(52f8a9226e9a0fd459fbbf5d5106632f) Importer(815301076,1909f56bfc062723c751e8b465ee728b)  -> (artifact id: '22373f6eae312b1ffff55187485b3839') in 0.609567 seconds 
Number of asset objects unloaded after import = 59
========================================================================
Received Import Request.
  Time since last request: 0.000028 seconds.
  path: Assets/Mine/Models/Base/RampDown.fbx
  artifactKey: Guid(bc953c5f549bcb74bbf77e11ca861fe1) Importer(815301076,1909f56bfc062723c751e8b465ee728b)
Number of updated assets reloaded before import = 0
Start importing Assets/Mine/Models/Base/RampDown.fbx using Guid(bc953c5f549bcb74bbf77e11ca861fe1) Importer(815301076,1909f56bfc062723c751e8b465ee728b)  -> (artifact id: '78ba86bc550bfb3051cdbae0e45a6174') in 0.089858 seconds 
Number of asset objects unloaded after import = 12
========================================================================
Received Import Request.
  Time since last request: 0.000042 seconds.
  path: Assets/Mine/Models/Rocks/Rock2.fbx
  artifactKey: Guid(53088b9f9e12f6c4e8e65ee5a84d1c5d) Importer(815301076,1909f56bfc062723c751e8b465ee728b)
Number of updated assets reloaded before import = 0
Start importing Assets/Mine/Models/Rocks/Rock2.fbx using Guid(53088b9f9e12f6c4e8e65ee5a84d1c5d) Importer(815301076,1909f56bfc062723c751e8b465ee728b)  -> (artifact id: 'e7b983f3c3487bed64af0e28bdcda11e') in 0.036830 seconds 
Number of asset objects unloaded after import = 10
========================================================================
Received Import Request.
  Time since last request: 0.000023 seconds.
  path: Assets/RCK 2.3/Standard Assets/Terrain Assets/Trees Ambient-Occlusion/Palm/Palm.fbx
  artifactKey: Guid(4c85abd0a4d974473b97e81d10a3a6bc) Importer(815301076,1909f56bfc062723c751e8b465ee728b)
Number of updated assets reloaded before import = 0
Start importing Assets/RCK 2.3/Standard Assets/Terrain Assets/Trees Ambient-Occlusion/Palm/Palm.fbx using Guid(4c85abd0a4d974473b97e81d10a3a6bc) Importer(815301076,1909f56bfc062723c751e8b465ee728b)  -> (artifact id: 'e736f70c8987c5046005e8f0fcfdfde5') in 0.214070 seconds 
Number of asset objects unloaded after import = 12
========================================================================
Received Import Request.
  Time since last request: 0.000020 seconds.
  path: Assets/Mine/Models/Base/RampUp.fbx
  artifactKey: Guid(426f785430a598746a26494eeef35d53) Importer(815301076,1909f56bfc062723c751e8b465ee728b)
Number of updated assets reloaded before import = 0
Start importing Assets/Mine/Models/Base/RampUp.fbx using Guid(426f785430a598746a26494eeef35d53) Importer(815301076,1909f56bfc062723c751e8b465ee728b)  -> (artifact id: '84ee2d5ab9068e1d89915da160af3133') in 0.083493 seconds 
Number of asset objects unloaded after import = 12
========================================================================
Received Import Request.
  Time since last request: 0.000042 seconds.
  path: Assets/Mine/Models/Rocks/Rock1.fbx
  artifactKey: Guid(73a471e9087c8114db750e1b4b4c91a1) Importer(815301076,1909f56bfc062723c751e8b465ee728b)
Number of updated assets reloaded before import = 0
Start importing Assets/Mine/Models/Rocks/Rock1.fbx using Guid(73a471e9087c8114db750e1b4b4c91a1) Importer(815301076,1909f56bfc062723c751e8b465ee728b)  -> (artifact id: '47452175cc62fac3528bf71af9224a7d') in 0.033174 seconds 
Number of asset objects unloaded after import = 10
========================================================================
Received Import Request.
  Time since last request: 0.000023 seconds.
  path: Assets/RCK 2.3/Models/Tree/Alder.fbx
  artifactKey: Guid(1475752df7e70a048856422301619c1b) Importer(815301076,1909f56bfc062723c751e8b465ee728b)
Number of updated assets reloaded before import = 0
Start importing Assets/RCK 2.3/Models/Tree/Alder.fbx using Guid(1475752df7e70a048856422301619c1b) Importer(815301076,1909f56bfc062723c751e8b465ee728b)  -> (artifact id: '4e63d0c5284453889f297bde7d74c6b1') in 0.023819 seconds 
Number of asset objects unloaded after import = 11
========================================================================
Received Import Request.
  Time since last request: 0.000028 seconds.
  path: Assets/Mine/Models/Props/Support1.fbx
  artifactKey: Guid(5467a775bdd27064bae6ecb29c115263) Importer(815301076,1909f56bfc062723c751e8b465ee728b)
Number of updated assets reloaded before import = 0
Start importing Assets/Mine/Models/Props/Support1.fbx using Guid(5467a775bdd27064bae6ecb29c115263) Importer(815301076,1909f56bfc062723c751e8b465ee728b)  -> (artifact id: '7ec3b42307f83aa436625a48a88a65d3') in 0.030600 seconds 
Number of asset objects unloaded after import = 10
========================================================================
Received Import Request.
  Time since last request: 0.000021 seconds.
  path: Assets/Axe.fbx
  artifactKey: Guid(37db145f86324204abffd5ddcafda2bd) Importer(815301076,1909f56bfc062723c751e8b465ee728b)
Number of updated assets reloaded before import = 0
Start importing Assets/Axe.fbx using Guid(37db145f86324204abffd5ddcafda2bd) Importer(815301076,1909f56bfc062723c751e8b465ee728b)  -> (artifact id: 'b630e23ce7aad9ea3ca535a080f94363') in 0.027138 seconds 
Number of asset objects unloaded after import = 9
========================================================================
Received Import Request.
  Time since last request: 0.245889 seconds.
  path: Assets/Mine/Models/Props/Hatch.fbx
  artifactKey: Guid(f408621a10029904cbac780d67e508e1) Importer(815301076,1909f56bfc062723c751e8b465ee728b)
Number of updated assets reloaded before import = 0
Start importing Assets/Mine/Models/Props/Hatch.fbx using Guid(f408621a10029904cbac780d67e508e1) Importer(815301076,1909f56bfc062723c751e8b465ee728b)  -> (artifact id: 'd9e21cf532fb7d61e950c3d74af0a8a9') in 0.028387 seconds 
Number of asset objects unloaded after import = 11
========================================================================
Received Import Request.
  Time since last request: 0.000024 seconds.
  path: Assets/Mine/Models/Props/Lantern.fbx
  artifactKey: Guid(ab95aa29a4f019b4b8c71652bd378966) Importer(815301076,1909f56bfc062723c751e8b465ee728b)
Number of updated assets reloaded before import = 0
Start importing Assets/Mine/Models/Props/Lantern.fbx using Guid(ab95aa29a4f019b4b8c71652bd378966) Importer(815301076,1909f56bfc062723c751e8b465ee728b)  -> (artifact id: 'd21e60f87fea2d77fd9224fb8607ef62') in 0.024786 seconds 
Number of asset objects unloaded after import = 11
========================================================================
Received Import Request.
  Time since last request: 0.000027 seconds.
  path: Assets/Mine/Models/Props/Ladder.fbx
  artifactKey: Guid(a7ce797f853566142a35f25bcb81c247) Importer(815301076,1909f56bfc062723c751e8b465ee728b)
Number of updated assets reloaded before import = 0
Start importing Assets/Mine/Models/Props/Ladder.fbx using Guid(a7ce797f853566142a35f25bcb81c247) Importer(815301076,1909f56bfc062723c751e8b465ee728b)  -> (artifact id: 'b96e2189eb806e381f9dac6320bbcd31') in 0.021673 seconds 
Number of asset objects unloaded after import = 10
========================================================================
Received Import Request.
  Time since last request: 0.466978 seconds.
  path: Assets/Mine/Models/Props/Crate.fbx
  artifactKey: Guid(e99cbbc806612a7439df9a2d7b6cc1e4) Importer(815301076,1909f56bfc062723c751e8b465ee728b)
Number of updated assets reloaded before import = 0
Start importing Assets/Mine/Models/Props/Crate.fbx using Guid(e99cbbc806612a7439df9a2d7b6cc1e4) Importer(815301076,1909f56bfc062723c751e8b465ee728b)  -> (artifact id: '1e3214b40866c3b9970938a452d4f7ab') in 0.039333 seconds 
Number of asset objects unloaded after import = 11
========================================================================
Received Prepare
Begin MonoManager ReloadAssembly
Symbol file LoadedFromMemory doesn't match image C:\Users\anant\OneDrive\Desktop\games\gamefile\exam1\exam\Library\PackageCache\com.unity.visualscripting@1.8.0\Editor\VisualScripting.Core\Dependencies\YamlDotNet\Unity.VisualScripting.YamlDotNet.dll
Symbol file LoadedFromMemory doesn't match image C:\Users\anant\OneDrive\Desktop\games\gamefile\exam1\exam\Library\PackageCache\com.unity.visualscripting@1.8.0\Editor\VisualScripting.Core\Dependencies\DotNetZip\Unity.VisualScripting.IonicZip.dll
- Loaded All Assemblies, in  2.008 seconds
Refreshing native plugins compatible for Editor in 10.88 ms, found 3 plugins.
Native extension for WindowsStandalone target not found
Native extension for Android target not found
Native extension for WebGL target not found
Mono: successfully reloaded assembly
- Finished resetting the current domain, in  1.764 seconds
Domain Reload Profiling:
	ReloadAssembly (363ms)
		BeginReloadAssembly (220ms)
			ExecutionOrderSort (0ms)
			DisableScriptedObjects (6ms)
			BackupInstance (0ms)
			ReleaseScriptingObjects (0ms)
			CreateAndSetChildDomain (69ms)
		LoadAllAssembliesAndSetupDomain (1629ms)
			LoadAssemblies (885ms)
			RebuildTransferFunctionScriptingTraits (0ms)
			SetupTypeCache (821ms)
				TypeCache.Initialize (548ms)
					TypeCache.ScanAssembly (527ms)
				ResolveRequiredComponents (6ms)
		FinalizeReload (0ms)
			ReleaseScriptCaches (0ms)
			RebuildScriptCaches (0ms)
			SetupLoadedEditorAssemblies (566ms)
				LogAssemblyErrors (0ms)
				InitializePlatformSupportModulesInManaged (39ms)
				SetLoadedEditorAssemblies (9ms)
				RefreshPlugins (0ms)
				BeforeProcessingInitializeOnLoad (121ms)
				ProcessInitializeOnLoadAttributes (341ms)
				ProcessInitializeOnLoadMethodAttributes (37ms)
				AfterProcessingInitializeOnLoad (20ms)
				EditorAssembliesLoaded (0ms)
			ExecutionOrderSort2 (0ms)
			AwakeInstancesAfterBackupRestoration (8ms)
Refreshing native plugins compatible for Editor in 10.14 ms, found 3 plugins.
Preloading 0 native plugins for Editor in 0.00 ms.
Unloading 3187 Unused Serialized files (Serialized files now loaded: 0)
Unloading 18 unused Assets / (200.8 KB). Loaded Objects now: 3710.
Memory consumption went from 508.2 MB to 508.0 MB.
Total: 6.503800 ms (FindLiveObjects: 0.323900 ms CreateObjectMapping: 0.148000 ms MarkObjects: 5.741300 ms  DeleteObjects: 0.288800 ms)

AssetImportParameters requested are different than current active one (requested -> active):
  custom:container-demuxer-ogg: 62fdf1f143b41e24485cea50d1cbac27 -> 
  custom:video-decoder-ogg-theora: a1e56fd34408186e4bbccfd4996cb3dc -> 
  custom:framework-win-MediaFoundation: 216162199b28c13a410421893ffa2e32 -> 
  custom:container-demuxer-webm: 4f35f7cbe854078d1ac9338744f61a02 -> 
  custom:container-muxer-webm: aa71ff27fc2769a1b78a27578f13a17b -> 
  custom:video-decoder-webm-vp8: 9c59270c3fd7afecdb556c50c9e8de78 -> 
  custom:AudioImporter_EditorPlatform: d09bf68614088b80899f8185d706f6e7 -> 
  custom:video-encoder-webm-vp8: eb34c28f22e8b96e1ab97ce403110664 -> 
  custom:audio-decoder-ogg-vorbis: bf7c407c2cedff20999df2af8eb42d56 -> 
  custom:audio-encoder-webm-vorbis: bf7c407c2cedff20999df2af8eb42d56 -> 
Editor requested this worker to shutdown with reason: Scaling down because of idle timeout
TcpMessagingSession - receive error: operation aborted. errorcode: 995, details: The I/O operation has been aborted because of either a thread exit or an application request.
AssetImportWorker is now disconnected from the server
Process exiting
Exiting without the bug reporter. Application will terminate with return code 0